<?xml version="1.0" encoding="UTF-8"?>
<!-- Generated by org.testng.reporters.JUnitReportReporter -->
<testsuite hostname="RAHUL" failures="0" tests="1" name="Com.Ecommerce.TestCases.TC_BrokenLinks" time="64.200" errors="0" timestamp="2024-03-19T12:18:03 IST" skipped="0">
  <testcase classname="Com.Ecommerce.TestCases.TC_BrokenLinks" name="Broken_links" time="64.200"/>
  <system-out/>
</testsuite> <!-- Com.Ecommerce.TestCases.TC_BrokenLinks -->
